{"/Users/andelarwanda/Desktop/Andela Work/my-brand-backend/index.js": {"path":"/Users/andelarwanda/Desktop/Andela Work/my-brand-backend/index.js","statementMap":{"0":{"start":{"line":11,"column":0},"end":{"line":11,"column":15}},"1":{"start":{"line":14,"column":17},"end":{"line":15,"column":59}},"2":{"start":{"line":15,"column":0},"end":{"line":15,"column":59}},"3":{"start":{"line":16,"column":24},"end":{"line":16,"column":50}},"4":{"start":{"line":17,"column":18},"end":{"line":17,"column":73}},"5":{"start":{"line":19,"column":11},"end":{"line":19,"column":33}},"6":{"start":{"line":20,"column":12},"end":{"line":20,"column":21}},"7":{"start":{"line":22,"column":0},"end":{"line":22,"column":34}},"8":{"start":{"line":24,"column":6},"end":{"line":24,"column":57}},"9":{"start":{"line":26,"column":6},"end":{"line":26,"column":32}},"10":{"start":{"line":28,"column":3},"end":{"line":28,"column":47}},"11":{"start":{"line":30,"column":15},"end":{"line":30,"column":17}},"12":{"start":{"line":31,"column":0},"end":{"line":35,"column":1}},"13":{"start":{"line":32,"column":4},"end":{"line":32,"column":50}},"14":{"start":{"line":34,"column":4},"end":{"line":34,"column":137}},"15":{"start":{"line":37,"column":0},"end":{"line":49,"column":4}},"16":{"start":{"line":43,"column":0},"end":{"line":49,"column":1}},"17":{"start":{"line":44,"column":0},"end":{"line":44,"column":45}},"18":{"start":{"line":45,"column":0},"end":{"line":45,"column":21}},"19":{"start":{"line":47,"column":0},"end":{"line":47,"column":48}},"20":{"start":{"line":48,"column":0},"end":{"line":48,"column":21}},"21":{"start":{"line":51,"column":0},"end":{"line":51,"column":35}},"22":{"start":{"line":53,"column":1},"end":{"line":55,"column":6}},"23":{"start":{"line":54,"column":2},"end":{"line":54,"column":53}},"24":{"start":{"line":56,"column":4},"end":{"line":59,"column":6}},"25":{"start":{"line":57,"column":11},"end":{"line":57,"column":69}},"26":{"start":{"line":58,"column":2},"end":{"line":58,"column":104}},"27":{"start":{"line":60,"column":8},"end":{"line":60,"column":40}},"28":{"start":{"line":61,"column":2},"end":{"line":61,"column":40}},"29":{"start":{"line":62,"column":2},"end":{"line":62,"column":39}},"30":{"start":{"line":63,"column":2},"end":{"line":63,"column":93}}},"fnMap":{"0":{"name":"(anonymous_0)","decl":{"start":{"line":14,"column":17},"end":{"line":14,"column":18}},"loc":{"start":{"line":15,"column":0},"end":{"line":15,"column":59}},"line":15},"1":{"name":"(anonymous_1)","decl":{"start":{"line":42,"column":2},"end":{"line":42,"column":3}},"loc":{"start":{"line":42,"column":11},"end":{"line":49,"column":2}},"line":42},"2":{"name":"(anonymous_2)","decl":{"start":{"line":53,"column":18},"end":{"line":53,"column":19}},"loc":{"start":{"line":53,"column":24},"end":{"line":55,"column":5}},"line":53},"3":{"name":"(anonymous_3)","decl":{"start":{"line":56,"column":16},"end":{"line":56,"column":17}},"loc":{"start":{"line":56,"column":27},"end":{"line":59,"column":5}},"line":56}},"branchMap":{"0":{"loc":{"start":{"line":19,"column":11},"end":{"line":19,"column":33}},"type":"binary-expr","locations":[{"start":{"line":19,"column":11},"end":{"line":19,"column":27}},{"start":{"line":19,"column":29},"end":{"line":19,"column":33}}],"line":19},"1":{"loc":{"start":{"line":31,"column":0},"end":{"line":35,"column":1}},"type":"if","locations":[{"start":{"line":31,"column":0},"end":{"line":35,"column":1}},{"start":{"line":33,"column":7},"end":{"line":35,"column":1}}],"line":31},"2":{"loc":{"start":{"line":43,"column":0},"end":{"line":49,"column":1}},"type":"if","locations":[{"start":{"line":43,"column":0},"end":{"line":49,"column":1}},{"start":{"line":46,"column":7},"end":{"line":49,"column":1}}],"line":43}},"s":{"0":1,"1":1,"2":1,"3":1,"4":1,"5":1,"6":1,"7":1,"8":1,"9":1,"10":1,"11":1,"12":1,"13":1,"14":0,"15":1,"16":1,"17":0,"18":0,"19":1,"20":1,"21":1,"22":1,"23":1,"24":1,"25":0,"26":0,"27":1,"28":1,"29":1,"30":1},"f":{"0":1,"1":1,"2":1,"3":0},"b":{"0":[1,0],"1":[1,0],"2":[0,1]},"_coverageSchema":"1a1c01bbd47fc00a2c39e90264f33305004495a9","hash":"e4d1dda93865a6ffd4679a630e94162bb52a0509"}
,"/Users/andelarwanda/Desktop/Andela Work/my-brand-backend/auth/auth.js": {"path":"/Users/andelarwanda/Desktop/Andela Work/my-brand-backend/auth/auth.js","statementMap":{"0":{"start":{"line":7,"column":0},"end":{"line":7,"column":16}},"1":{"start":{"line":9,"column":17},"end":{"line":17,"column":1}},"2":{"start":{"line":10,"column":4},"end":{"line":16,"column":6}},"3":{"start":{"line":18,"column":23},"end":{"line":43,"column":1}},"4":{"start":{"line":24,"column":8},"end":{"line":41,"column":9}},"5":{"start":{"line":25,"column":25},"end":{"line":25,"column":55}},"6":{"start":{"line":26,"column":12},"end":{"line":26,"column":79}},"7":{"start":{"line":26,"column":22},"end":{"line":26,"column":79}},"8":{"start":{"line":27,"column":12},"end":{"line":38,"column":15}},"9":{"start":{"line":28,"column":16},"end":{"line":28,"column":42}},"10":{"start":{"line":28,"column":25},"end":{"line":28,"column":42}},"11":{"start":{"line":29,"column":16},"end":{"line":37,"column":19}},"12":{"start":{"line":30,"column":20},"end":{"line":30,"column":46}},"13":{"start":{"line":30,"column":29},"end":{"line":30,"column":46}},"14":{"start":{"line":32,"column":36},"end":{"line":32,"column":79}},"15":{"start":{"line":33,"column":20},"end":{"line":33,"column":35}},"16":{"start":{"line":35,"column":34},"end":{"line":35,"column":51}},"17":{"start":{"line":36,"column":20},"end":{"line":36,"column":45}},"18":{"start":{"line":40,"column":12},"end":{"line":40,"column":24}},"19":{"start":{"line":45,"column":28},"end":{"line":65,"column":1}},"20":{"start":{"line":46,"column":32},"end":{"line":46,"column":59}},"21":{"start":{"line":48,"column":4},"end":{"line":50,"column":5}},"22":{"start":{"line":49,"column":8},"end":{"line":49,"column":64}},"23":{"start":{"line":51,"column":4},"end":{"line":64,"column":5}},"24":{"start":{"line":52,"column":22},"end":{"line":52,"column":69}},"25":{"start":{"line":53,"column":8},"end":{"line":61,"column":11}},"26":{"start":{"line":54,"column":12},"end":{"line":57,"column":77}},"27":{"start":{"line":55,"column":16},"end":{"line":57,"column":77}},"28":{"start":{"line":59,"column":12},"end":{"line":59,"column":28}},"29":{"start":{"line":60,"column":12},"end":{"line":60,"column":19}},"30":{"start":{"line":63,"column":8},"end":{"line":63,"column":78}},"31":{"start":{"line":67,"column":22},"end":{"line":67,"column":60}}},"fnMap":{"0":{"name":"(anonymous_0)","decl":{"start":{"line":9,"column":17},"end":{"line":9,"column":18}},"loc":{"start":{"line":9,"column":27},"end":{"line":17,"column":1}},"line":9},"1":{"name":"(anonymous_1)","decl":{"start":{"line":23,"column":4},"end":{"line":23,"column":5}},"loc":{"start":{"line":23,"column":37},"end":{"line":42,"column":5}},"line":23},"2":{"name":"(anonymous_2)","decl":{"start":{"line":27,"column":31},"end":{"line":27,"column":32}},"loc":{"start":{"line":27,"column":46},"end":{"line":38,"column":13}},"line":27},"3":{"name":"(anonymous_3)","decl":{"start":{"line":29,"column":44},"end":{"line":29,"column":45}},"loc":{"start":{"line":29,"column":59},"end":{"line":37,"column":17}},"line":29},"4":{"name":"(anonymous_4)","decl":{"start":{"line":45,"column":28},"end":{"line":45,"column":29}},"loc":{"start":{"line":45,"column":48},"end":{"line":65,"column":1}},"line":45},"5":{"name":"(anonymous_5)","decl":{"start":{"line":53,"column":46},"end":{"line":53,"column":47}},"loc":{"start":{"line":53,"column":61},"end":{"line":61,"column":9}},"line":53}},"branchMap":{"0":{"loc":{"start":{"line":26,"column":12},"end":{"line":26,"column":79}},"type":"if","locations":[{"start":{"line":26,"column":12},"end":{"line":26,"column":79}},{"start":{},"end":{}}],"line":26},"1":{"loc":{"start":{"line":28,"column":16},"end":{"line":28,"column":42}},"type":"if","locations":[{"start":{"line":28,"column":16},"end":{"line":28,"column":42}},{"start":{},"end":{}}],"line":28},"2":{"loc":{"start":{"line":30,"column":20},"end":{"line":30,"column":46}},"type":"if","locations":[{"start":{"line":30,"column":20},"end":{"line":30,"column":46}},{"start":{},"end":{}}],"line":30},"3":{"loc":{"start":{"line":48,"column":4},"end":{"line":50,"column":5}},"type":"if","locations":[{"start":{"line":48,"column":4},"end":{"line":50,"column":5}},{"start":{},"end":{}}],"line":48},"4":{"loc":{"start":{"line":54,"column":12},"end":{"line":57,"column":77}},"type":"if","locations":[{"start":{"line":54,"column":12},"end":{"line":57,"column":77}},{"start":{},"end":{}}],"line":54}},"s":{"0":1,"1":1,"2":1,"3":1,"4":1,"5":1,"6":1,"7":0,"8":1,"9":1,"10":0,"11":1,"12":1,"13":0,"14":1,"15":1,"16":1,"17":1,"18":0,"19":1,"20":11,"21":11,"22":4,"23":11,"24":11,"25":7,"26":7,"27":0,"28":7,"29":7,"30":4,"31":1},"f":{"0":1,"1":1,"2":1,"3":1,"4":11,"5":7},"b":{"0":[0,1],"1":[0,1],"2":[0,1],"3":[4,7],"4":[0,7]},"_coverageSchema":"1a1c01bbd47fc00a2c39e90264f33305004495a9","hash":"c72624de4ce85d57f554e3ffdfe0469a08cf59af"}
,"/Users/andelarwanda/Desktop/Andela Work/my-brand-backend/controllers/blogs.controller.js": {"path":"/Users/andelarwanda/Desktop/Andela Work/my-brand-backend/controllers/blogs.controller.js","statementMap":{"0":{"start":{"line":7,"column":22},"end":{"line":12,"column":6}},"1":{"start":{"line":10,"column":8},"end":{"line":10,"column":56}},"2":{"start":{"line":13,"column":22},"end":{"line":15,"column":6}},"3":{"start":{"line":19,"column":20},"end":{"line":23,"column":1}},"4":{"start":{"line":20,"column":4},"end":{"line":22,"column":58}},"5":{"start":{"line":21,"column":20},"end":{"line":21,"column":46}},"6":{"start":{"line":22,"column":20},"end":{"line":22,"column":56}},"7":{"start":{"line":25,"column":24},"end":{"line":34,"column":1}},"8":{"start":{"line":26,"column":17},"end":{"line":31,"column":3}},"9":{"start":{"line":32,"column":2},"end":{"line":32,"column":13}},"10":{"start":{"line":33,"column":1},"end":{"line":33,"column":39}},"11":{"start":{"line":36,"column":24},"end":{"line":43,"column":1}},"12":{"start":{"line":37,"column":15},"end":{"line":37,"column":28}},"13":{"start":{"line":38,"column":4},"end":{"line":42,"column":92}},"14":{"start":{"line":40,"column":12},"end":{"line":40,"column":50}},"15":{"start":{"line":42,"column":24},"end":{"line":42,"column":90}},"16":{"start":{"line":45,"column":24},"end":{"line":66,"column":1}},"17":{"start":{"line":46,"column":15},"end":{"line":46,"column":28}},"18":{"start":{"line":47,"column":4},"end":{"line":65,"column":10}},"19":{"start":{"line":49,"column":12},"end":{"line":49,"column":60}},"20":{"start":{"line":49,"column":32},"end":{"line":49,"column":60}},"21":{"start":{"line":50,"column":12},"end":{"line":50,"column":66}},"22":{"start":{"line":50,"column":34},"end":{"line":50,"column":66}},"23":{"start":{"line":52,"column":12},"end":{"line":58,"column":18}},"24":{"start":{"line":53,"column":32},"end":{"line":53,"column":67}},"25":{"start":{"line":55,"column":20},"end":{"line":57,"column":79}},"26":{"start":{"line":61,"column":12},"end":{"line":64,"column":14}},"27":{"start":{"line":67,"column":24},"end":{"line":74,"column":1}},"28":{"start":{"line":68,"column":17},"end":{"line":68,"column":60}},"29":{"start":{"line":69,"column":1},"end":{"line":73,"column":5}},"30":{"start":{"line":70,"column":8},"end":{"line":70,"column":31}},"31":{"start":{"line":72,"column":8},"end":{"line":72,"column":47}},"32":{"start":{"line":75,"column":21},"end":{"line":88,"column":1}},"33":{"start":{"line":76,"column":15},"end":{"line":76,"column":28}},"34":{"start":{"line":77,"column":4},"end":{"line":87,"column":10}},"35":{"start":{"line":79,"column":12},"end":{"line":79,"column":36}},"36":{"start":{"line":80,"column":12},"end":{"line":81,"column":66}},"37":{"start":{"line":81,"column":32},"end":{"line":81,"column":65}},"38":{"start":{"line":84,"column":12},"end":{"line":86,"column":14}},"39":{"start":{"line":89,"column":20},"end":{"line":107,"column":1}},"40":{"start":{"line":90,"column":15},"end":{"line":90,"column":28}},"41":{"start":{"line":91,"column":4},"end":{"line":106,"column":10}},"42":{"start":{"line":93,"column":12},"end":{"line":99,"column":13}},"43":{"start":{"line":94,"column":16},"end":{"line":94,"column":44}},"44":{"start":{"line":97,"column":16},"end":{"line":97,"column":40}},"45":{"start":{"line":98,"column":16},"end":{"line":98,"column":46}},"46":{"start":{"line":100,"column":12},"end":{"line":100,"column":23}},"47":{"start":{"line":103,"column":12},"end":{"line":105,"column":14}}},"fnMap":{"0":{"name":"(anonymous_0)","decl":{"start":{"line":9,"column":16},"end":{"line":9,"column":17}},"loc":{"start":{"line":9,"column":35},"end":{"line":11,"column":7}},"line":9},"1":{"name":"(anonymous_1)","decl":{"start":{"line":19,"column":20},"end":{"line":19,"column":21}},"loc":{"start":{"line":19,"column":31},"end":{"line":23,"column":1}},"line":19},"2":{"name":"(anonymous_2)","decl":{"start":{"line":21,"column":10},"end":{"line":21,"column":11}},"loc":{"start":{"line":21,"column":20},"end":{"line":21,"column":46}},"line":21},"3":{"name":"(anonymous_3)","decl":{"start":{"line":22,"column":11},"end":{"line":22,"column":12}},"loc":{"start":{"line":22,"column":20},"end":{"line":22,"column":56}},"line":22},"4":{"name":"(anonymous_4)","decl":{"start":{"line":25,"column":24},"end":{"line":25,"column":25}},"loc":{"start":{"line":25,"column":35},"end":{"line":34,"column":1}},"line":25},"5":{"name":"(anonymous_5)","decl":{"start":{"line":36,"column":24},"end":{"line":36,"column":25}},"loc":{"start":{"line":36,"column":35},"end":{"line":43,"column":1}},"line":36},"6":{"name":"(anonymous_6)","decl":{"start":{"line":39,"column":14},"end":{"line":39,"column":15}},"loc":{"start":{"line":40,"column":12},"end":{"line":40,"column":50}},"line":40},"7":{"name":"(anonymous_7)","decl":{"start":{"line":42,"column":15},"end":{"line":42,"column":16}},"loc":{"start":{"line":42,"column":24},"end":{"line":42,"column":90}},"line":42},"8":{"name":"(anonymous_8)","decl":{"start":{"line":45,"column":24},"end":{"line":45,"column":25}},"loc":{"start":{"line":45,"column":35},"end":{"line":66,"column":1}},"line":45},"9":{"name":"(anonymous_9)","decl":{"start":{"line":48,"column":14},"end":{"line":48,"column":15}},"loc":{"start":{"line":48,"column":24},"end":{"line":59,"column":9}},"line":48},"10":{"name":"(anonymous_10)","decl":{"start":{"line":53,"column":22},"end":{"line":53,"column":23}},"loc":{"start":{"line":53,"column":32},"end":{"line":53,"column":67}},"line":53},"11":{"name":"(anonymous_11)","decl":{"start":{"line":54,"column":23},"end":{"line":54,"column":24}},"loc":{"start":{"line":55,"column":20},"end":{"line":57,"column":79}},"line":55},"12":{"name":"(anonymous_12)","decl":{"start":{"line":60,"column":15},"end":{"line":60,"column":16}},"loc":{"start":{"line":61,"column":12},"end":{"line":64,"column":14}},"line":61},"13":{"name":"(anonymous_13)","decl":{"start":{"line":67,"column":24},"end":{"line":67,"column":25}},"loc":{"start":{"line":67,"column":40},"end":{"line":74,"column":1}},"line":67},"14":{"name":"(anonymous_14)","decl":{"start":{"line":75,"column":21},"end":{"line":75,"column":22}},"loc":{"start":{"line":75,"column":32},"end":{"line":88,"column":1}},"line":75},"15":{"name":"(anonymous_15)","decl":{"start":{"line":78,"column":14},"end":{"line":78,"column":15}},"loc":{"start":{"line":78,"column":24},"end":{"line":82,"column":9}},"line":78},"16":{"name":"(anonymous_16)","decl":{"start":{"line":81,"column":22},"end":{"line":81,"column":23}},"loc":{"start":{"line":81,"column":32},"end":{"line":81,"column":65}},"line":81},"17":{"name":"(anonymous_17)","decl":{"start":{"line":83,"column":15},"end":{"line":83,"column":16}},"loc":{"start":{"line":84,"column":12},"end":{"line":86,"column":14}},"line":84},"18":{"name":"(anonymous_18)","decl":{"start":{"line":89,"column":20},"end":{"line":89,"column":21}},"loc":{"start":{"line":89,"column":31},"end":{"line":107,"column":1}},"line":89},"19":{"name":"(anonymous_19)","decl":{"start":{"line":92,"column":14},"end":{"line":92,"column":15}},"loc":{"start":{"line":92,"column":24},"end":{"line":101,"column":9}},"line":92},"20":{"name":"(anonymous_20)","decl":{"start":{"line":102,"column":15},"end":{"line":102,"column":16}},"loc":{"start":{"line":103,"column":12},"end":{"line":105,"column":14}},"line":103}},"branchMap":{"0":{"loc":{"start":{"line":49,"column":12},"end":{"line":49,"column":60}},"type":"if","locations":[{"start":{"line":49,"column":12},"end":{"line":49,"column":60}},{"start":{},"end":{}}],"line":49},"1":{"loc":{"start":{"line":50,"column":12},"end":{"line":50,"column":66}},"type":"if","locations":[{"start":{"line":50,"column":12},"end":{"line":50,"column":66}},{"start":{},"end":{}}],"line":50},"2":{"loc":{"start":{"line":69,"column":1},"end":{"line":73,"column":5}},"type":"if","locations":[{"start":{"line":69,"column":1},"end":{"line":73,"column":5}},{"start":{"line":71,"column":9},"end":{"line":73,"column":5}}],"line":69},"3":{"loc":{"start":{"line":93,"column":12},"end":{"line":99,"column":13}},"type":"if","locations":[{"start":{"line":93,"column":12},"end":{"line":99,"column":13}},{"start":{"line":96,"column":16},"end":{"line":99,"column":13}}],"line":93}},"s":{"0":1,"1":2,"2":1,"3":1,"4":2,"5":2,"6":0,"7":1,"8":1,"9":1,"10":1,"11":1,"12":0,"13":0,"14":0,"15":0,"16":1,"17":1,"18":1,"19":1,"20":1,"21":1,"22":1,"23":1,"24":1,"25":0,"26":0,"27":1,"28":2,"29":2,"30":1,"31":1,"32":1,"33":2,"34":2,"35":2,"36":1,"37":1,"38":1,"39":1,"40":2,"41":2,"42":2,"43":0,"44":1,"45":1,"46":1,"47":1},"f":{"0":2,"1":2,"2":2,"3":0,"4":1,"5":0,"6":0,"7":0,"8":1,"9":1,"10":1,"11":0,"12":0,"13":2,"14":2,"15":2,"16":1,"17":1,"18":2,"19":2,"20":1},"b":{"0":[1,0],"1":[1,0],"2":[1,1],"3":[0,1]},"_coverageSchema":"1a1c01bbd47fc00a2c39e90264f33305004495a9","hash":"fc8eb0bb0c4d892d016aec9055c00bfa8902e146"}
,"/Users/andelarwanda/Desktop/Andela Work/my-brand-backend/controllers/comments.controller.js": {"path":"/Users/andelarwanda/Desktop/Andela Work/my-brand-backend/controllers/comments.controller.js","statementMap":{"0":{"start":{"line":5,"column":24},"end":{"line":25,"column":1}},"1":{"start":{"line":6,"column":19},"end":{"line":6,"column":32}},"2":{"start":{"line":7,"column":20},"end":{"line":11,"column":6}},"3":{"start":{"line":12,"column":17},"end":{"line":12,"column":60}},"4":{"start":{"line":13,"column":0},"end":{"line":24,"column":1}},"5":{"start":{"line":14,"column":4},"end":{"line":20,"column":10}},"6":{"start":{"line":17,"column":12},"end":{"line":19,"column":15}},"7":{"start":{"line":21,"column":4},"end":{"line":21,"column":42}},"8":{"start":{"line":23,"column":4},"end":{"line":23,"column":43}},"9":{"start":{"line":26,"column":27},"end":{"line":43,"column":1}},"10":{"start":{"line":27,"column":19},"end":{"line":27,"column":32}},"11":{"start":{"line":28,"column":15},"end":{"line":28,"column":45}},"12":{"start":{"line":29,"column":4},"end":{"line":42,"column":10}},"13":{"start":{"line":31,"column":11},"end":{"line":41,"column":12}},"14":{"start":{"line":32,"column":29},"end":{"line":32,"column":31}},"15":{"start":{"line":33,"column":33},"end":{"line":33,"column":46}},"16":{"start":{"line":34,"column":12},"end":{"line":37,"column":13}},"17":{"start":{"line":34,"column":25},"end":{"line":34,"column":26}},"18":{"start":{"line":35,"column":36},"end":{"line":35,"column":78}},"19":{"start":{"line":36,"column":16},"end":{"line":36,"column":43}},"20":{"start":{"line":38,"column":12},"end":{"line":38,"column":45}},"21":{"start":{"line":40,"column":12},"end":{"line":40,"column":51}}},"fnMap":{"0":{"name":"(anonymous_0)","decl":{"start":{"line":5,"column":24},"end":{"line":5,"column":25}},"loc":{"start":{"line":5,"column":40},"end":{"line":25,"column":1}},"line":5},"1":{"name":"(anonymous_1)","decl":{"start":{"line":16,"column":14},"end":{"line":16,"column":15}},"loc":{"start":{"line":16,"column":30},"end":{"line":20,"column":9}},"line":16},"2":{"name":"(anonymous_2)","decl":{"start":{"line":26,"column":27},"end":{"line":26,"column":28}},"loc":{"start":{"line":26,"column":46},"end":{"line":43,"column":1}},"line":26},"3":{"name":"(anonymous_3)","decl":{"start":{"line":30,"column":14},"end":{"line":30,"column":15}},"loc":{"start":{"line":30,"column":30},"end":{"line":42,"column":9}},"line":30}},"branchMap":{"0":{"loc":{"start":{"line":13,"column":0},"end":{"line":24,"column":1}},"type":"if","locations":[{"start":{"line":13,"column":0},"end":{"line":24,"column":1}},{"start":{"line":22,"column":5},"end":{"line":24,"column":1}}],"line":13},"1":{"loc":{"start":{"line":31,"column":11},"end":{"line":41,"column":12}},"type":"if","locations":[{"start":{"line":31,"column":11},"end":{"line":41,"column":12}},{"start":{"line":39,"column":16},"end":{"line":41,"column":12}}],"line":31}},"s":{"0":1,"1":2,"2":2,"3":2,"4":2,"5":1,"6":1,"7":1,"8":1,"9":1,"10":2,"11":2,"12":2,"13":2,"14":1,"15":1,"16":1,"17":1,"18":1,"19":1,"20":1,"21":1},"f":{"0":2,"1":1,"2":2,"3":2},"b":{"0":[1,1],"1":[1,1]},"_coverageSchema":"1a1c01bbd47fc00a2c39e90264f33305004495a9","hash":"aa93d019abb49c9d5daffbf1be9a75c3152d2b61"}
,"/Users/andelarwanda/Desktop/Andela Work/my-brand-backend/controllers/messages.controller.js": {"path":"/Users/andelarwanda/Desktop/Andela Work/my-brand-backend/controllers/messages.controller.js","statementMap":{"0":{"start":{"line":2,"column":24},"end":{"line":12,"column":1}},"1":{"start":{"line":3,"column":18},"end":{"line":8,"column":6}},"2":{"start":{"line":9,"column":4},"end":{"line":11,"column":70}},"3":{"start":{"line":11,"column":25},"end":{"line":11,"column":68}},"4":{"start":{"line":13,"column":25},"end":{"line":18,"column":1}},"5":{"start":{"line":14,"column":4},"end":{"line":17,"column":14}},"6":{"start":{"line":16,"column":16},"end":{"line":16,"column":44}},"7":{"start":{"line":19,"column":27},"end":{"line":25,"column":1}},"8":{"start":{"line":20,"column":13},"end":{"line":20,"column":26}},"9":{"start":{"line":21,"column":4},"end":{"line":24,"column":14}},"10":{"start":{"line":23,"column":16},"end":{"line":23,"column":43}},"11":{"start":{"line":26,"column":27},"end":{"line":33,"column":1}},"12":{"start":{"line":27,"column":15},"end":{"line":27,"column":28}},"13":{"start":{"line":28,"column":4},"end":{"line":32,"column":95}},"14":{"start":{"line":30,"column":12},"end":{"line":30,"column":54}},"15":{"start":{"line":32,"column":24},"end":{"line":32,"column":93}}},"fnMap":{"0":{"name":"(anonymous_0)","decl":{"start":{"line":2,"column":24},"end":{"line":2,"column":25}},"loc":{"start":{"line":2,"column":36},"end":{"line":12,"column":1}},"line":2},"1":{"name":"(anonymous_1)","decl":{"start":{"line":11,"column":16},"end":{"line":11,"column":17}},"loc":{"start":{"line":11,"column":24},"end":{"line":11,"column":69}},"line":11},"2":{"name":"(anonymous_2)","decl":{"start":{"line":13,"column":25},"end":{"line":13,"column":26}},"loc":{"start":{"line":13,"column":36},"end":{"line":18,"column":1}},"line":13},"3":{"name":"(anonymous_3)","decl":{"start":{"line":15,"column":18},"end":{"line":15,"column":19}},"loc":{"start":{"line":15,"column":29},"end":{"line":17,"column":13}},"line":15},"4":{"name":"(anonymous_4)","decl":{"start":{"line":19,"column":27},"end":{"line":19,"column":28}},"loc":{"start":{"line":19,"column":38},"end":{"line":25,"column":1}},"line":19},"5":{"name":"(anonymous_5)","decl":{"start":{"line":22,"column":18},"end":{"line":22,"column":19}},"loc":{"start":{"line":22,"column":29},"end":{"line":24,"column":13}},"line":22},"6":{"name":"(anonymous_6)","decl":{"start":{"line":26,"column":27},"end":{"line":26,"column":28}},"loc":{"start":{"line":26,"column":38},"end":{"line":33,"column":1}},"line":26},"7":{"name":"(anonymous_7)","decl":{"start":{"line":29,"column":14},"end":{"line":29,"column":15}},"loc":{"start":{"line":30,"column":12},"end":{"line":30,"column":54}},"line":30},"8":{"name":"(anonymous_8)","decl":{"start":{"line":32,"column":15},"end":{"line":32,"column":16}},"loc":{"start":{"line":32,"column":24},"end":{"line":32,"column":93}},"line":32}},"branchMap":{},"s":{"0":1,"1":1,"2":1,"3":1,"4":1,"5":2,"6":2,"7":1,"8":1,"9":1,"10":1,"11":1,"12":0,"13":0,"14":0,"15":0},"f":{"0":1,"1":1,"2":2,"3":2,"4":1,"5":1,"6":0,"7":0,"8":0},"b":{},"_coverageSchema":"1a1c01bbd47fc00a2c39e90264f33305004495a9","hash":"6d0ff5ef6931e06626cef6a52d64339f290cf1e1"}
,"/Users/andelarwanda/Desktop/Andela Work/my-brand-backend/controllers/users.controller.js": {"path":"/Users/andelarwanda/Desktop/Andela Work/my-brand-backend/controllers/users.controller.js","statementMap":{"0":{"start":{"line":5,"column":16},"end":{"line":5,"column":30}},"1":{"start":{"line":6,"column":13},"end":{"line":6,"column":21}},"2":{"start":{"line":8,"column":27},"end":{"line":10,"column":1}},"3":{"start":{"line":9,"column":4},"end":{"line":9,"column":34}},"4":{"start":{"line":12,"column":26},"end":{"line":28,"column":1}},"5":{"start":{"line":13,"column":18},"end":{"line":13,"column":32}},"6":{"start":{"line":14,"column":4},"end":{"line":27,"column":5}},"7":{"start":{"line":15,"column":21},"end":{"line":15,"column":57}},"8":{"start":{"line":16,"column":8},"end":{"line":18,"column":9}},"9":{"start":{"line":17,"column":12},"end":{"line":17,"column":67}},"10":{"start":{"line":19,"column":8},"end":{"line":24,"column":71}},"11":{"start":{"line":20,"column":29},"end":{"line":20,"column":64}},"12":{"start":{"line":21,"column":26},"end":{"line":21,"column":54}},"13":{"start":{"line":22,"column":12},"end":{"line":22,"column":68}},"14":{"start":{"line":24,"column":13},"end":{"line":24,"column":71}},"15":{"start":{"line":26,"column":8},"end":{"line":26,"column":52}}},"fnMap":{"0":{"name":"(anonymous_0)","decl":{"start":{"line":8,"column":27},"end":{"line":8,"column":28}},"loc":{"start":{"line":8,"column":53},"end":{"line":10,"column":1}},"line":8},"1":{"name":"(anonymous_1)","decl":{"start":{"line":12,"column":26},"end":{"line":12,"column":27}},"loc":{"start":{"line":12,"column":52},"end":{"line":28,"column":1}},"line":12}},"branchMap":{"0":{"loc":{"start":{"line":16,"column":8},"end":{"line":18,"column":9}},"type":"if","locations":[{"start":{"line":16,"column":8},"end":{"line":18,"column":9}},{"start":{},"end":{}}],"line":16},"1":{"loc":{"start":{"line":19,"column":8},"end":{"line":24,"column":71}},"type":"if","locations":[{"start":{"line":19,"column":8},"end":{"line":24,"column":71}},{"start":{"line":24,"column":13},"end":{"line":24,"column":71}}],"line":19}},"s":{"0":1,"1":1,"2":1,"3":1,"4":1,"5":1,"6":1,"7":1,"8":1,"9":0,"10":1,"11":1,"12":1,"13":1,"14":0,"15":0},"f":{"0":1,"1":1},"b":{"0":[0,1],"1":[1,0]},"_coverageSchema":"1a1c01bbd47fc00a2c39e90264f33305004495a9","hash":"2ae7b84ad9676fb61d08c337c15414e06827ca49"}
,"/Users/andelarwanda/Desktop/Andela Work/my-brand-backend/models/blogs.model.js": {"path":"/Users/andelarwanda/Desktop/Andela Work/my-brand-backend/models/blogs.model.js","statementMap":{"0":{"start":{"line":3,"column":15},"end":{"line":9,"column":2}},"1":{"start":{"line":11,"column":14},"end":{"line":11,"column":45}}},"fnMap":{},"branchMap":{},"s":{"0":1,"1":1},"f":{},"b":{},"_coverageSchema":"1a1c01bbd47fc00a2c39e90264f33305004495a9","hash":"5a95635891f7c49d0e775c4c5702e17a284f37f5"}
,"/Users/andelarwanda/Desktop/Andela Work/my-brand-backend/models/comments.model.js": {"path":"/Users/andelarwanda/Desktop/Andela Work/my-brand-backend/models/comments.model.js","statementMap":{"0":{"start":{"line":3,"column":22},"end":{"line":16,"column":1}},"1":{"start":{"line":18,"column":19},"end":{"line":18,"column":60}}},"fnMap":{},"branchMap":{},"s":{"0":1,"1":1},"f":{},"b":{},"_coverageSchema":"1a1c01bbd47fc00a2c39e90264f33305004495a9","hash":"a61d18f1a5cafda56a67746176040b8aa733e71a"}
,"/Users/andelarwanda/Desktop/Andela Work/my-brand-backend/models/messages.model.js": {"path":"/Users/andelarwanda/Desktop/Andela Work/my-brand-backend/models/messages.model.js","statementMap":{"0":{"start":{"line":3,"column":20},"end":{"line":16,"column":2}},"1":{"start":{"line":17,"column":15},"end":{"line":17,"column":55}}},"fnMap":{},"branchMap":{},"s":{"0":1,"1":1},"f":{},"b":{},"_coverageSchema":"1a1c01bbd47fc00a2c39e90264f33305004495a9","hash":"4053a2026e98052e7f39f7c56b3516fa6a09a6e2"}
,"/Users/andelarwanda/Desktop/Andela Work/my-brand-backend/models/users.model.js": {"path":"/Users/andelarwanda/Desktop/Andela Work/my-brand-backend/models/users.model.js","statementMap":{"0":{"start":{"line":4,"column":17},"end":{"line":11,"column":2}},"1":{"start":{"line":12,"column":12},"end":{"line":12,"column":47}},"2":{"start":{"line":13,"column":0},"end":{"line":22,"column":2}},"3":{"start":{"line":16,"column":19},"end":{"line":16,"column":23}},"4":{"start":{"line":17,"column":19},"end":{"line":17,"column":55}},"5":{"start":{"line":19,"column":6},"end":{"line":19,"column":27}},"6":{"start":{"line":20,"column":6},"end":{"line":20,"column":13}},"7":{"start":{"line":23,"column":0},"end":{"line":28,"column":3}},"8":{"start":{"line":24,"column":17},"end":{"line":24,"column":21}},"9":{"start":{"line":25,"column":20},"end":{"line":25,"column":65}},"10":{"start":{"line":27,"column":4},"end":{"line":27,"column":19}}},"fnMap":{"0":{"name":"(anonymous_0)","decl":{"start":{"line":15,"column":4},"end":{"line":15,"column":5}},"loc":{"start":{"line":15,"column":25},"end":{"line":21,"column":5}},"line":15},"1":{"name":"(anonymous_1)","decl":{"start":{"line":23,"column":37},"end":{"line":23,"column":38}},"loc":{"start":{"line":23,"column":62},"end":{"line":28,"column":3}},"line":23}},"branchMap":{},"s":{"0":1,"1":1,"2":1,"3":0,"4":0,"5":0,"6":0,"7":1,"8":0,"9":0,"10":0},"f":{"0":0,"1":0},"b":{},"_coverageSchema":"1a1c01bbd47fc00a2c39e90264f33305004495a9","hash":"c3e6880770864b3c99e5a43bd12ee73d41908e85"}
,"/Users/andelarwanda/Desktop/Andela Work/my-brand-backend/routes/blogs.route.js": {"path":"/Users/andelarwanda/Desktop/Andela Work/my-brand-backend/routes/blogs.route.js","statementMap":{"0":{"start":{"line":18,"column":16},"end":{"line":18,"column":32}},"1":{"start":{"line":21,"column":0},"end":{"line":21,"column":23}},"2":{"start":{"line":23,"column":0},"end":{"line":23,"column":79}},"3":{"start":{"line":25,"column":0},"end":{"line":25,"column":30}},"4":{"start":{"line":27,"column":0},"end":{"line":27,"column":83}},"5":{"start":{"line":29,"column":0},"end":{"line":29,"column":45}},"6":{"start":{"line":31,"column":0},"end":{"line":31,"column":36}},"7":{"start":{"line":32,"column":0},"end":{"line":32,"column":34}},"8":{"start":{"line":34,"column":0},"end":{"line":34,"column":58}},"9":{"start":{"line":35,"column":0},"end":{"line":35,"column":40}}},"fnMap":{},"branchMap":{},"s":{"0":1,"1":1,"2":1,"3":1,"4":1,"5":1,"6":1,"7":1,"8":1,"9":1},"f":{},"b":{},"_coverageSchema":"1a1c01bbd47fc00a2c39e90264f33305004495a9","hash":"601c59dfb53ec3bfae593c80c0b881966315616c"}
,"/Users/andelarwanda/Desktop/Andela Work/my-brand-backend/routes/messages.route.js": {"path":"/Users/andelarwanda/Desktop/Andela Work/my-brand-backend/routes/messages.route.js","statementMap":{"0":{"start":{"line":6,"column":16},"end":{"line":6,"column":32}},"1":{"start":{"line":7,"column":0},"end":{"line":7,"column":50}},"2":{"start":{"line":8,"column":0},"end":{"line":8,"column":45}},"3":{"start":{"line":9,"column":0},"end":{"line":9,"column":50}},"4":{"start":{"line":10,"column":0},"end":{"line":10,"column":52}}},"fnMap":{},"branchMap":{},"s":{"0":1,"1":1,"2":1,"3":1,"4":1},"f":{},"b":{},"_coverageSchema":"1a1c01bbd47fc00a2c39e90264f33305004495a9","hash":"58ea525497d84859e2006717d9479360cc6e3f74"}
,"/Users/andelarwanda/Desktop/Andela Work/my-brand-backend/routes/users.route.js": {"path":"/Users/andelarwanda/Desktop/Andela Work/my-brand-backend/routes/users.route.js","statementMap":{"0":{"start":{"line":8,"column":19},"end":{"line":8,"column":35}},"1":{"start":{"line":10,"column":0},"end":{"line":14,"column":2}},"2":{"start":{"line":16,"column":0},"end":{"line":19,"column":2}}},"fnMap":{},"branchMap":{},"s":{"0":1,"1":1,"2":1},"f":{},"b":{},"_coverageSchema":"1a1c01bbd47fc00a2c39e90264f33305004495a9","hash":"40f5ec26b7278c0252368a9fdf4e86c02da903bf"}
,"/Users/andelarwanda/Desktop/Andela Work/my-brand-backend/validations/blogs.validation.js": {"path":"/Users/andelarwanda/Desktop/Andela Work/my-brand-backend/validations/blogs.validation.js","statementMap":{"0":{"start":{"line":2,"column":27},"end":{"line":5,"column":2}},"1":{"start":{"line":7,"column":23},"end":{"line":17,"column":1}},"2":{"start":{"line":8,"column":18},"end":{"line":8,"column":80}},"3":{"start":{"line":9,"column":4},"end":{"line":16,"column":5}},"4":{"start":{"line":11,"column":8},"end":{"line":13,"column":11}},"5":{"start":{"line":15,"column":8},"end":{"line":15,"column":15}}},"fnMap":{"0":{"name":"(anonymous_0)","decl":{"start":{"line":7,"column":23},"end":{"line":7,"column":24}},"loc":{"start":{"line":7,"column":49},"end":{"line":17,"column":1}},"line":7}},"branchMap":{"0":{"loc":{"start":{"line":9,"column":4},"end":{"line":16,"column":5}},"type":"if","locations":[{"start":{"line":9,"column":4},"end":{"line":16,"column":5}},{"start":{"line":14,"column":11},"end":{"line":16,"column":5}}],"line":9}},"s":{"0":1,"1":1,"2":4,"3":4,"4":2,"5":2},"f":{"0":4},"b":{"0":[2,2]},"_coverageSchema":"1a1c01bbd47fc00a2c39e90264f33305004495a9","hash":"24b3b4cac1fd31ad284b380eee24085f7b26bd93"}
,"/Users/andelarwanda/Desktop/Andela Work/my-brand-backend/validations/comments.validations.js": {"path":"/Users/andelarwanda/Desktop/Andela Work/my-brand-backend/validations/comments.validations.js","statementMap":{"0":{"start":{"line":3,"column":30},"end":{"line":6,"column":2}},"1":{"start":{"line":7,"column":24},"end":{"line":13,"column":1}},"2":{"start":{"line":8,"column":12},"end":{"line":8,"column":73}},"3":{"start":{"line":9,"column":0},"end":{"line":12,"column":12}},"4":{"start":{"line":10,"column":4},"end":{"line":10,"column":58}},"5":{"start":{"line":12,"column":5},"end":{"line":12,"column":12}}},"fnMap":{"0":{"name":"(anonymous_0)","decl":{"start":{"line":7,"column":24},"end":{"line":7,"column":25}},"loc":{"start":{"line":7,"column":45},"end":{"line":13,"column":1}},"line":7}},"branchMap":{"0":{"loc":{"start":{"line":9,"column":0},"end":{"line":12,"column":12}},"type":"if","locations":[{"start":{"line":9,"column":0},"end":{"line":12,"column":12}},{"start":{"line":12,"column":5},"end":{"line":12,"column":12}}],"line":9}},"s":{"0":1,"1":1,"2":3,"3":3,"4":1,"5":2},"f":{"0":3},"b":{"0":[1,2]},"_coverageSchema":"1a1c01bbd47fc00a2c39e90264f33305004495a9","hash":"27aa61e56c35b23e66137f65b8324756cc654af4"}
,"/Users/andelarwanda/Desktop/Andela Work/my-brand-backend/validations/messages.validation.js": {"path":"/Users/andelarwanda/Desktop/Andela Work/my-brand-backend/validations/messages.validation.js","statementMap":{"0":{"start":{"line":3,"column":30},"end":{"line":8,"column":2}},"1":{"start":{"line":9,"column":26},"end":{"line":16,"column":1}},"2":{"start":{"line":10,"column":18},"end":{"line":10,"column":83}},"3":{"start":{"line":11,"column":4},"end":{"line":15,"column":5}},"4":{"start":{"line":12,"column":8},"end":{"line":12,"column":61}},"5":{"start":{"line":14,"column":8},"end":{"line":14,"column":15}}},"fnMap":{"0":{"name":"(anonymous_0)","decl":{"start":{"line":9,"column":26},"end":{"line":9,"column":27}},"loc":{"start":{"line":9,"column":52},"end":{"line":16,"column":1}},"line":9}},"branchMap":{"0":{"loc":{"start":{"line":11,"column":4},"end":{"line":15,"column":5}},"type":"if","locations":[{"start":{"line":11,"column":4},"end":{"line":15,"column":5}},{"start":{"line":13,"column":11},"end":{"line":15,"column":5}}],"line":11}},"s":{"0":1,"1":1,"2":2,"3":2,"4":1,"5":1},"f":{"0":2},"b":{"0":[1,1]},"_coverageSchema":"1a1c01bbd47fc00a2c39e90264f33305004495a9","hash":"7ef014be86c7b467df7495e5312ea1aea2a3d586"}
,"/Users/andelarwanda/Desktop/Andela Work/my-brand-backend/validations/users.validation.js": {"path":"/Users/andelarwanda/Desktop/Andela Work/my-brand-backend/validations/users.validation.js","statementMap":{"0":{"start":{"line":3,"column":20},"end":{"line":6,"column":2}},"1":{"start":{"line":8,"column":24},"end":{"line":15,"column":1}},"2":{"start":{"line":9,"column":18},"end":{"line":9,"column":71}},"3":{"start":{"line":10,"column":4},"end":{"line":14,"column":5}},"4":{"start":{"line":11,"column":8},"end":{"line":11,"column":66}},"5":{"start":{"line":13,"column":8},"end":{"line":13,"column":15}}},"fnMap":{"0":{"name":"(anonymous_0)","decl":{"start":{"line":8,"column":24},"end":{"line":8,"column":25}},"loc":{"start":{"line":8,"column":50},"end":{"line":15,"column":1}},"line":8}},"branchMap":{"0":{"loc":{"start":{"line":10,"column":4},"end":{"line":14,"column":5}},"type":"if","locations":[{"start":{"line":10,"column":4},"end":{"line":14,"column":5}},{"start":{"line":12,"column":11},"end":{"line":14,"column":5}}],"line":10}},"s":{"0":1,"1":1,"2":4,"3":4,"4":2,"5":2},"f":{"0":4},"b":{"0":[2,2]},"_coverageSchema":"1a1c01bbd47fc00a2c39e90264f33305004495a9","hash":"a233a23fd9db7348d8dba365a0f75bcc268c5b5f"}
}
