TN:
SF:index.js
FN:14,(anonymous_0)
FN:42,(anonymous_1)
FN:53,(anonymous_2)
FN:56,(anonymous_3)
FNF:4
FNH:3
FNDA:1,(anonymous_0)
FNDA:1,(anonymous_1)
FNDA:1,(anonymous_2)
FNDA:0,(anonymous_3)
DA:11,1
DA:14,1
DA:15,1
DA:16,1
DA:17,1
DA:19,1
DA:20,1
DA:22,1
DA:24,1
DA:26,1
DA:28,1
DA:30,1
DA:31,1
DA:32,1
DA:34,0
DA:37,1
DA:43,1
DA:44,0
DA:45,0
DA:47,1
DA:48,1
DA:51,1
DA:53,1
DA:54,1
DA:56,1
DA:57,0
DA:58,0
DA:60,1
DA:61,1
DA:62,1
DA:63,1
LF:31
LH:26
BRDA:19,0,0,1
BRDA:19,0,1,0
BRDA:31,1,0,1
BRDA:31,1,1,0
BRDA:43,2,0,0
BRDA:43,2,1,1
BRF:6
BRH:3
end_of_record
TN:
SF:auth/auth.js
FN:9,(anonymous_0)
FN:23,(anonymous_1)
FN:27,(anonymous_2)
FN:29,(anonymous_3)
FN:45,(anonymous_4)
FN:53,(anonymous_5)
FNF:6
FNH:6
FNDA:1,(anonymous_0)
FNDA:1,(anonymous_1)
FNDA:1,(anonymous_2)
FNDA:1,(anonymous_3)
FNDA:11,(anonymous_4)
FNDA:7,(anonymous_5)
DA:7,1
DA:9,1
DA:10,1
DA:18,1
DA:24,1
DA:25,1
DA:26,1
DA:27,1
DA:28,1
DA:29,1
DA:30,1
DA:32,1
DA:33,1
DA:35,1
DA:36,1
DA:40,0
DA:45,1
DA:46,11
DA:48,11
DA:49,4
DA:51,11
DA:52,11
DA:53,7
DA:54,7
DA:55,0
DA:59,7
DA:60,7
DA:63,4
DA:67,1
LF:29
LH:27
BRDA:26,0,0,0
BRDA:26,0,1,1
BRDA:28,1,0,0
BRDA:28,1,1,1
BRDA:30,2,0,0
BRDA:30,2,1,1
BRDA:48,3,0,4
BRDA:48,3,1,7
BRDA:54,4,0,0
BRDA:54,4,1,7
BRF:10
BRH:6
end_of_record
TN:
SF:controllers/blogs.controller.js
FN:9,(anonymous_0)
FN:19,(anonymous_1)
FN:21,(anonymous_2)
FN:22,(anonymous_3)
FN:25,(anonymous_4)
FN:36,(anonymous_5)
FN:39,(anonymous_6)
FN:42,(anonymous_7)
FN:45,(anonymous_8)
FN:48,(anonymous_9)
FN:53,(anonymous_10)
FN:54,(anonymous_11)
FN:60,(anonymous_12)
FN:67,(anonymous_13)
FN:75,(anonymous_14)
FN:78,(anonymous_15)
FN:81,(anonymous_16)
FN:83,(anonymous_17)
FN:89,(anonymous_18)
FN:92,(anonymous_19)
FN:102,(anonymous_20)
FNF:21
FNH:15
FNDA:2,(anonymous_0)
FNDA:2,(anonymous_1)
FNDA:2,(anonymous_2)
FNDA:0,(anonymous_3)
FNDA:1,(anonymous_4)
FNDA:0,(anonymous_5)
FNDA:0,(anonymous_6)
FNDA:0,(anonymous_7)
FNDA:1,(anonymous_8)
FNDA:1,(anonymous_9)
FNDA:1,(anonymous_10)
FNDA:0,(anonymous_11)
FNDA:0,(anonymous_12)
FNDA:2,(anonymous_13)
FNDA:2,(anonymous_14)
FNDA:2,(anonymous_15)
FNDA:1,(anonymous_16)
FNDA:1,(anonymous_17)
FNDA:2,(anonymous_18)
FNDA:2,(anonymous_19)
FNDA:1,(anonymous_20)
DA:7,1
DA:10,2
DA:13,1
DA:19,1
DA:20,2
DA:21,2
DA:22,0
DA:25,1
DA:26,1
DA:32,1
DA:33,1
DA:36,1
DA:37,0
DA:38,0
DA:40,0
DA:42,0
DA:45,1
DA:46,1
DA:47,1
DA:49,1
DA:50,1
DA:52,1
DA:53,1
DA:55,0
DA:61,0
DA:67,1
DA:68,2
DA:69,2
DA:70,1
DA:72,1
DA:75,1
DA:76,2
DA:77,2
DA:79,2
DA:80,1
DA:81,1
DA:84,1
DA:89,1
DA:90,2
DA:91,2
DA:93,2
DA:94,0
DA:97,1
DA:98,1
DA:100,1
DA:103,1
LF:46
LH:38
BRDA:49,0,0,1
BRDA:49,0,1,0
BRDA:50,1,0,1
BRDA:50,1,1,0
BRDA:69,2,0,1
BRDA:69,2,1,1
BRDA:93,3,0,0
BRDA:93,3,1,1
BRF:8
BRH:5
end_of_record
TN:
SF:controllers/comments.controller.js
FN:5,(anonymous_0)
FN:16,(anonymous_1)
FN:26,(anonymous_2)
FN:30,(anonymous_3)
FNF:4
FNH:4
FNDA:2,(anonymous_0)
FNDA:1,(anonymous_1)
FNDA:2,(anonymous_2)
FNDA:2,(anonymous_3)
DA:5,1
DA:6,2
DA:7,2
DA:12,2
DA:13,2
DA:14,1
DA:17,1
DA:21,1
DA:23,1
DA:26,1
DA:27,2
DA:28,2
DA:29,2
DA:31,2
DA:32,1
DA:33,1
DA:34,1
DA:35,1
DA:36,1
DA:38,1
DA:40,1
LF:21
LH:21
BRDA:13,0,0,1
BRDA:13,0,1,1
BRDA:31,1,0,1
BRDA:31,1,1,1
BRF:4
BRH:4
end_of_record
TN:
SF:controllers/messages.controller.js
FN:2,(anonymous_0)
FN:11,(anonymous_1)
FN:13,(anonymous_2)
FN:15,(anonymous_3)
FN:19,(anonymous_4)
FN:22,(anonymous_5)
FN:26,(anonymous_6)
FN:29,(anonymous_7)
FN:32,(anonymous_8)
FNF:9
FNH:6
FNDA:1,(anonymous_0)
FNDA:1,(anonymous_1)
FNDA:2,(anonymous_2)
FNDA:2,(anonymous_3)
FNDA:1,(anonymous_4)
FNDA:1,(anonymous_5)
FNDA:0,(anonymous_6)
FNDA:0,(anonymous_7)
FNDA:0,(anonymous_8)
DA:2,1
DA:3,1
DA:9,1
DA:11,1
DA:13,1
DA:14,2
DA:16,2
DA:19,1
DA:20,1
DA:21,1
DA:23,1
DA:26,1
DA:27,0
DA:28,0
DA:30,0
DA:32,0
LF:16
LH:12
BRF:0
BRH:0
end_of_record
TN:
SF:controllers/users.controller.js
FN:8,(anonymous_0)
FN:12,(anonymous_1)
FNF:2
FNH:2
FNDA:1,(anonymous_0)
FNDA:1,(anonymous_1)
DA:5,1
DA:6,1
DA:8,1
DA:9,1
DA:12,1
DA:13,1
DA:14,1
DA:15,1
DA:16,1
DA:17,0
DA:19,1
DA:20,1
DA:21,1
DA:22,1
DA:24,0
DA:26,0
LF:16
LH:13
BRDA:16,0,0,0
BRDA:16,0,1,1
BRDA:19,1,0,1
BRDA:19,1,1,0
BRF:4
BRH:2
end_of_record
TN:
SF:models/blogs.model.js
FNF:0
FNH:0
DA:3,1
DA:11,1
LF:2
LH:2
BRF:0
BRH:0
end_of_record
TN:
SF:models/comments.model.js
FNF:0
FNH:0
DA:3,1
DA:18,1
LF:2
LH:2
BRF:0
BRH:0
end_of_record
TN:
SF:models/messages.model.js
FNF:0
FNH:0
DA:3,1
DA:17,1
LF:2
LH:2
BRF:0
BRH:0
end_of_record
TN:
SF:models/users.model.js
FN:15,(anonymous_0)
FN:23,(anonymous_1)
FNF:2
FNH:0
FNDA:0,(anonymous_0)
FNDA:0,(anonymous_1)
DA:4,1
DA:12,1
DA:13,1
DA:16,0
DA:17,0
DA:19,0
DA:20,0
DA:23,1
DA:24,0
DA:25,0
DA:27,0
LF:11
LH:4
BRF:0
BRH:0
end_of_record
TN:
SF:routes/blogs.route.js
FNF:0
FNH:0
DA:18,1
DA:21,1
DA:23,1
DA:25,1
DA:27,1
DA:29,1
DA:31,1
DA:32,1
DA:34,1
DA:35,1
LF:10
LH:10
BRF:0
BRH:0
end_of_record
TN:
SF:routes/messages.route.js
FNF:0
FNH:0
DA:6,1
DA:7,1
DA:8,1
DA:9,1
DA:10,1
LF:5
LH:5
BRF:0
BRH:0
end_of_record
TN:
SF:routes/users.route.js
FNF:0
FNH:0
DA:8,1
DA:10,1
DA:16,1
LF:3
LH:3
BRF:0
BRH:0
end_of_record
TN:
SF:validations/blogs.validation.js
FN:7,(anonymous_0)
FNF:1
FNH:1
FNDA:4,(anonymous_0)
DA:2,1
DA:7,1
DA:8,4
DA:9,4
DA:11,2
DA:15,2
LF:6
LH:6
BRDA:9,0,0,2
BRDA:9,0,1,2
BRF:2
BRH:2
end_of_record
TN:
SF:validations/comments.validations.js
FN:7,(anonymous_0)
FNF:1
FNH:1
FNDA:3,(anonymous_0)
DA:3,1
DA:7,1
DA:8,3
DA:9,3
DA:10,1
DA:12,2
LF:6
LH:6
BRDA:9,0,0,1
BRDA:9,0,1,2
BRF:2
BRH:2
end_of_record
TN:
SF:validations/messages.validation.js
FN:9,(anonymous_0)
FNF:1
FNH:1
FNDA:2,(anonymous_0)
DA:3,1
DA:9,1
DA:10,2
DA:11,2
DA:12,1
DA:14,1
LF:6
LH:6
BRDA:11,0,0,1
BRDA:11,0,1,1
BRF:2
BRH:2
end_of_record
TN:
SF:validations/users.validation.js
FN:8,(anonymous_0)
FNF:1
FNH:1
FNDA:4,(anonymous_0)
DA:3,1
DA:8,1
DA:9,4
DA:10,4
DA:11,2
DA:13,2
LF:6
LH:6
BRDA:10,0,0,2
BRDA:10,0,1,2
BRF:2
BRH:2
end_of_record
